<?xml version="1.0" encoding="UTF-8"?>
<!-- Generated by org.testng.reporters.JUnitXMLReporter -->
<testsuite ignored="0" hostname="YCSLAP0256" failures="1" tests="1" name="Test" time="9.043" errors="0" timestamp="2024-03-13T08:28:00 IST">
  <testcase classname="Testcases.TC_VerifyMenuToggle" name="Homepage" time="0.028">
    <failure type="java.lang.NullPointerException" message="Cannot invoke &amp;quot;org.openqa.selenium.WebDriver.findElements(org.openqa.selenium.By)&amp;quot; because &amp;quot;this.driver&amp;quot; is null">
      <![CDATA[java.lang.NullPointerException: Cannot invoke "org.openqa.selenium.WebDriver.findElements(org.openqa.selenium.By)" because "this.driver" is null
at Pageobjects.Homepage.<init>(Homepage.java:18)
at Testcases.TC_VerifyMenuToggle.Homepage(TC_VerifyMenuToggle.java:10)
at java.base/java.util.ArrayList.forEach(ArrayList.java:1511)
... Removed 27 stack frames]]>
    </failure>
  </testcase> <!-- Homepage -->
</testsuite> <!-- Test -->
